sharapp/android/app/build/intermediates/manifest_merge_blame_file/debug/processDebugMainManifest/manifest-merger-blame-debug-report.txt
1<?xml version="1.0" encoding="utf-8"?>
2<manifest xmlns:android="http://schemas.android.com/apk/res/android"
3    package="com.example.sharapp"
4    android:versionCode="1"
5    android:versionName="1.0.0" >
6
7    <uses-sdk
8        android:minSdkVersion="23"
9        android:targetSdkVersion="34" />
10    <!--
11         The INTERNET permission is required for development. Specifically,
12         the Flutter tool needs it to communicate with the running application
13         to allow setting breakpoints, to provide hot reload, etc.
14    -->
15    <uses-permission android:name="android.permission.INTERNET" />
15-->src\main\AndroidManifest.xml:4:5-66
15-->src\main\AndroidManifest.xml:4:22-64
16    <uses-permission android:name="android.permission.ACCESS_FINE_LOCATION" />
16-->src\main\AndroidManifest.xml:2:5-78
16-->src\main\AndroidManifest.xml:2:22-76
17    <uses-permission android:name="android.permission.ACCESS_COARSE_LOCATION" /> <!-- Add inside <application> tag -->
17-->src\main\AndroidManifest.xml:3:5-80
17-->src\main\AndroidManifest.xml:3:22-78
18    <meta-data
18-->src\main\AndroidManifest.xml:7:5-159
19        android:name="com.mapbox.accessToken"
19-->src\main\AndroidManifest.xml:7:16-53
20        android:value="sk.eyJ1IjoicnVpdWEiLCJhIjoiY200bXM4czU5MDBwZDJrcjJsZW9qNzVjOCJ9.TlDHWxGJe7rdI03udVud3w" />
20-->src\main\AndroidManifest.xml:7:54-156
21    <!--
22 Required to query activities that can process text, see:
23         https://developer.android.com/training/package-visibility and
24         https://developer.android.com/reference/android/content/Intent#ACTION_PROCESS_TEXT.
25
26         In particular, this is used by the Flutter engine in io.flutter.plugin.text.ProcessTextPlugin.
27    -->
28    <queries>
28-->src\main\AndroidManifest.xml:45:5-50:15
29        <intent>
29-->src\main\AndroidManifest.xml:46:9-49:18
30            <action android:name="android.intent.action.PROCESS_TEXT" />
30-->src\main\AndroidManifest.xml:47:13-72
30-->src\main\AndroidManifest.xml:47:21-70
31
32            <data android:mimeType="text/plain" />
32-->src\main\AndroidManifest.xml:48:13-50
32-->src\main\AndroidManifest.xml:48:19-48
33        </intent>
34    </queries>
35
36    <uses-feature
36-->[com.mapbox.maps:android-core:11.12.0] AndroidManifest.xml:8:5-10:35
37        android:glEsVersion="0x00030000"
37-->[com.mapbox.maps:android-core:11.12.0] AndroidManifest.xml:9:9-41
38        android:required="true" />
38-->[com.mapbox.maps:android-core:11.12.0] AndroidManifest.xml:10:9-32
39    <uses-feature
39-->[com.mapbox.maps:android-core:11.12.0] AndroidManifest.xml:11:5-13:36
40        android:name="android.hardware.wifi"
40-->[com.mapbox.maps:android-core:11.12.0] AndroidManifest.xml:12:9-45
41        android:required="false" />
41-->[com.mapbox.maps:android-core:11.12.0] AndroidManifest.xml:13:9-33
42
43    <uses-permission android:name="android.permission.ACCESS_NETWORK_STATE" />
43-->[com.mapbox.maps:android-core:11.12.0] AndroidManifest.xml:16:5-79
43-->[com.mapbox.maps:android-core:11.12.0] AndroidManifest.xml:16:22-76
44    <uses-permission android:name="android.permission.ACCESS_WIFI_STATE" />
44-->[com.mapbox.maps:android-core:11.12.0] AndroidManifest.xml:17:5-76
44-->[com.mapbox.maps:android-core:11.12.0] AndroidManifest.xml:17:22-73
45
46    <permission
46-->[androidx.core:core:1.13.1] AndroidManifest.xml:22:5-24:47
47        android:name="com.example.sharapp.DYNAMIC_RECEIVER_NOT_EXPORTED_PERMISSION"
47-->[androidx.core:core:1.13.1] AndroidManifest.xml:23:9-81
48        android:protectionLevel="signature" />
48-->[androidx.core:core:1.13.1] AndroidManifest.xml:24:9-44
49
50    <uses-permission android:name="com.example.sharapp.DYNAMIC_RECEIVER_NOT_EXPORTED_PERMISSION" />
50-->[androidx.core:core:1.13.1] AndroidManifest.xml:26:5-97
50-->[androidx.core:core:1.13.1] AndroidManifest.xml:26:22-94
51
52    <application
53        android:name="android.app.Application"
54        android:appComponentFactory="androidx.core.app.CoreComponentFactory"
54-->[androidx.core:core:1.13.1] AndroidManifest.xml:28:18-86
55        android:debuggable="true"
56        android:extractNativeLibs="false"
57        android:icon="@mipmap/ic_launcher"
58        android:label="sharapp"
59        android:testOnly="true" >
60        <activity
61            android:name="com.example.sharapp.MainActivity"
62            android:configChanges="orientation|keyboardHidden|keyboard|screenSize|smallestScreenSize|locale|layoutDirection|fontScale|screenLayout|density|uiMode"
63            android:exported="true"
64            android:hardwareAccelerated="true"
65            android:launchMode="singleTop"
66            android:taskAffinity=""
67            android:theme="@style/LaunchTheme"
68            android:windowSoftInputMode="adjustResize" >
69
70            <!--
71                 Specifies an Android theme to apply to this Activity as soon as
72                 the Android process has started. This theme is visible to the user
73                 while the Flutter UI initializes. After that, this theme continues
74                 to determine the Window background behind the Flutter UI.
75            -->
76            <meta-data
77                android:name="io.flutter.embedding.android.NormalTheme"
78                android:resource="@style/NormalTheme" />
79
80            <intent-filter>
81                <action android:name="android.intent.action.MAIN" />
82
83                <category android:name="android.intent.category.LAUNCHER" />
84            </intent-filter>
85        </activity>
86        <!--
87             Don't delete the meta-data below.
88             This is used by the Flutter tool to generate GeneratedPluginRegistrant.java
89        -->
90        <meta-data
91            android:name="flutterEmbedding"
92            android:value="2" />
93
94        <provider
94-->[com.mapbox.maps:android-core:11.12.0] AndroidManifest.xml:20:9-28:20
95            android:name="androidx.startup.InitializationProvider"
95-->[com.mapbox.maps:android-core:11.12.0] AndroidManifest.xml:21:13-67
96            android:authorities="com.example.sharapp.androidx-startup"
96-->[com.mapbox.maps:android-core:11.12.0] AndroidManifest.xml:22:13-68
97            android:exported="false" >
97-->[com.mapbox.maps:android-core:11.12.0] AndroidManifest.xml:23:13-37
98            <meta-data
98-->[com.mapbox.maps:android-core:11.12.0] AndroidManifest.xml:25:13-27:52
99                android:name="com.mapbox.maps.loader.MapboxMapsInitializer"
99-->[com.mapbox.maps:android-core:11.12.0] AndroidManifest.xml:26:17-76
100                android:value="androidx.startup" />
100-->[com.mapbox.maps:android-core:11.12.0] AndroidManifest.xml:27:17-49
101            <!-- This entry makes MapboxSDKCommonInitializer discoverable. -->
102            <meta-data
102-->[com.mapbox.common:common:24.12.0] AndroidManifest.xml:19:13-21:52
103                android:name="com.mapbox.common.MapboxSDKCommonInitializer"
103-->[com.mapbox.common:common:24.12.0] AndroidManifest.xml:20:17-76
104                android:value="androidx.startup" />
104-->[com.mapbox.common:common:24.12.0] AndroidManifest.xml:21:17-49
105            <meta-data
105-->[androidx.emoji2:emoji2:1.2.0] AndroidManifest.xml:29:13-31:52
106                android:name="androidx.emoji2.text.EmojiCompatInitializer"
106-->[androidx.emoji2:emoji2:1.2.0] AndroidManifest.xml:30:17-75
107                android:value="androidx.startup" />
107-->[androidx.emoji2:emoji2:1.2.0] AndroidManifest.xml:31:17-49
108            <meta-data
108-->[androidx.lifecycle:lifecycle-process:2.7.0] AndroidManifest.xml:29:13-31:52
109                android:name="androidx.lifecycle.ProcessLifecycleInitializer"
109-->[androidx.lifecycle:lifecycle-process:2.7.0] AndroidManifest.xml:30:17-78
110                android:value="androidx.startup" />
110-->[androidx.lifecycle:lifecycle-process:2.7.0] AndroidManifest.xml:31:17-49
111            <meta-data
111-->[androidx.profileinstaller:profileinstaller:1.3.1] AndroidManifest.xml:29:13-31:52
112                android:name="androidx.profileinstaller.ProfileInstallerInitializer"
112-->[androidx.profileinstaller:profileinstaller:1.3.1] AndroidManifest.xml:30:17-85
113                android:value="androidx.startup" />
113-->[androidx.profileinstaller:profileinstaller:1.3.1] AndroidManifest.xml:31:17-49
114        </provider>
115
116        <receiver
116-->[com.mapbox.common:common:24.12.0] AndroidManifest.xml:24:9-31:20
117            android:name="com.mapbox.common.location.LocationUpdatesReceiver"
117-->[com.mapbox.common:common:24.12.0] AndroidManifest.xml:25:13-78
118            android:enabled="true"
118-->[com.mapbox.common:common:24.12.0] AndroidManifest.xml:26:13-35
119            android:exported="false" >
119-->[com.mapbox.common:common:24.12.0] AndroidManifest.xml:27:13-37
120            <intent-filter>
120-->[com.mapbox.common:common:24.12.0] AndroidManifest.xml:28:13-30:29
121                <action android:name="com.mapbox.common.location.LocationUpdatesReceiver.ACTION_PROCESS_LOCATION_UPDATES" />
121-->[com.mapbox.common:common:24.12.0] AndroidManifest.xml:29:17-125
121-->[com.mapbox.common:common:24.12.0] AndroidManifest.xml:29:25-122
122            </intent-filter>
123        </receiver>
124
125        <service
125-->[com.mapbox.common:common:24.12.0] AndroidManifest.xml:33:9-35:40
126            android:name="com.mapbox.common.LifecycleService"
126-->[com.mapbox.common:common:24.12.0] AndroidManifest.xml:34:13-62
127            android:exported="false" />
127-->[com.mapbox.common:common:24.12.0] AndroidManifest.xml:35:13-37
128
129        <activity
129-->[com.google.android.gms:play-services-base:18.5.0] AndroidManifest.xml:5:9-173
130            android:name="com.google.android.gms.common.api.GoogleApiActivity"
130-->[com.google.android.gms:play-services-base:18.5.0] AndroidManifest.xml:5:19-85
131            android:exported="false"
131-->[com.google.android.gms:play-services-base:18.5.0] AndroidManifest.xml:5:146-170
132            android:theme="@android:style/Theme.Translucent.NoTitleBar" />
132-->[com.google.android.gms:play-services-base:18.5.0] AndroidManifest.xml:5:86-145
133
134        <meta-data
134-->[com.google.android.gms:play-services-basement:18.4.0] AndroidManifest.xml:6:9-122
135            android:name="com.google.android.gms.version"
135-->[com.google.android.gms:play-services-basement:18.4.0] AndroidManifest.xml:6:20-65
136            android:value="@integer/google_play_services_version" />
136-->[com.google.android.gms:play-services-basement:18.4.0] AndroidManifest.xml:6:66-119
137
138        <uses-library
138-->[androidx.window:window:1.2.0] AndroidManifest.xml:23:9-25:40
139            android:name="androidx.window.extensions"
139-->[androidx.window:window:1.2.0] AndroidManifest.xml:24:13-54
140            android:required="false" />
140-->[androidx.window:window:1.2.0] AndroidManifest.xml:25:13-37
141        <uses-library
141-->[androidx.window:window:1.2.0] AndroidManifest.xml:26:9-28:40
142            android:name="androidx.window.sidecar"
142-->[androidx.window:window:1.2.0] AndroidManifest.xml:27:13-51
143            android:required="false" />
143-->[androidx.window:window:1.2.0] AndroidManifest.xml:28:13-37
144
145        <receiver
145-->[androidx.profileinstaller:profileinstaller:1.3.1] AndroidManifest.xml:34:9-52:20
146            android:name="androidx.profileinstaller.ProfileInstallReceiver"
146-->[androidx.profileinstaller:profileinstaller:1.3.1] AndroidManifest.xml:35:13-76
147            android:directBootAware="false"
147-->[androidx.profileinstaller:profileinstaller:1.3.1] AndroidManifest.xml:36:13-44
148            android:enabled="true"
148-->[androidx.profileinstaller:profileinstaller:1.3.1] AndroidManifest.xml:37:13-35
149            android:exported="true"
149-->[androidx.profileinstaller:profileinstaller:1.3.1] AndroidManifest.xml:38:13-36
150            android:permission="android.permission.DUMP" >
150-->[androidx.profileinstaller:profileinstaller:1.3.1] AndroidManifest.xml:39:13-57
151            <intent-filter>
151-->[androidx.profileinstaller:profileinstaller:1.3.1] AndroidManifest.xml:40:13-42:29
152                <action android:name="androidx.profileinstaller.action.INSTALL_PROFILE" />
152-->[androidx.profileinstaller:profileinstaller:1.3.1] AndroidManifest.xml:41:17-91
152-->[androidx.profileinstaller:profileinstaller:1.3.1] AndroidManifest.xml:41:25-88
153            </intent-filter>
154            <intent-filter>
154-->[androidx.profileinstaller:profileinstaller:1.3.1] AndroidManifest.xml:43:13-45:29
155                <action android:name="androidx.profileinstaller.action.SKIP_FILE" />
155-->[androidx.profileinstaller:profileinstaller:1.3.1] AndroidManifest.xml:44:17-85
155-->[androidx.profileinstaller:profileinstaller:1.3.1] AndroidManifest.xml:44:25-82
156            </intent-filter>
157            <intent-filter>
157-->[androidx.profileinstaller:profileinstaller:1.3.1] AndroidManifest.xml:46:13-48:29
158                <action android:name="androidx.profileinstaller.action.SAVE_PROFILE" />
158-->[androidx.profileinstaller:profileinstaller:1.3.1] AndroidManifest.xml:47:17-88
158-->[androidx.profileinstaller:profileinstaller:1.3.1] AndroidManifest.xml:47:25-85
159            </intent-filter>
160            <intent-filter>
160-->[androidx.profileinstaller:profileinstaller:1.3.1] AndroidManifest.xml:49:13-51:29
161                <action android:name="androidx.profileinstaller.action.BENCHMARK_OPERATION" />
161-->[androidx.profileinstaller:profileinstaller:1.3.1] AndroidManifest.xml:50:17-95
161-->[androidx.profileinstaller:profileinstaller:1.3.1] AndroidManifest.xml:50:25-92
162            </intent-filter>
163        </receiver>
164    </application>
165
166</manifest>